_NAME_ is a nice place , it is good for _GOODFORMEAL_ and it serves _FOOD_ food
_NAME_ is located in _AREA_ and _AREA_
goodbye
there are no restaurant -s in _AREA_
_NAME_ is a nice place , it is good for _GOODFORMEAL_ , allows child -s are allowed , where child -s are allowed and it is in the area of _AREA_
_NAME_ is located at _ADDRESS_
_NAME_ is a nice place their phone number is _PHONE_
goodbye
_NAME_ is a nice place it is in the _PRICERANGE_ price range
_NAME_ is near _NEAR_
_NAME_ is a nice place , it is in the _PRICERANGE_ price range and it is near _NEAR_
_NAME_ is a nice place it is good for _GOODFORMEAL_
_NAME_ is located at _ADDRESS_
_NAME_ is a nice place it serves _FOOD_ food
goodbye
there are 0 restaurant -s in _AREA_ that allow child -s
there are 0 restaurant -s near _NEAR_ in _AREA_
_NAME_ is in _AREA_
_NAME_ is in _AREA_ and _AREA_ allows child -s
_NAME_ is a nice place their price -s are _PRICE_
_NAME_ is located at _ADDRESS_
goodbye
_NAME_ is a nice place , it is in the _PRICERANGE_ price range and it is near _NEAR_
_NAME_ is a nice place , it is in the _PRICERANGE_ price range and it is near _NEAR_
i am sorry but there is no place , in the _PRICERANGE_ price range and near _NEAR_ and near _NEAR_
_NAME_ is located at _ADDRESS_
_NAME_ is a nice place , it is in the _PRICERANGE_ price range and it is near _NEAR_
goodbye
there are no restaurant -s in _AREA_
goodbye
_NAME_ is a nice place it is in the _PRICERANGE_ price range
_NAME_ is a nice place , it is in the _PRICERANGE_ price range and it is near _NEAR_
there are _COUNT_ _TYPE_ -s near _NEAR_ and in the _PRICERANGE_ price range and near _NEAR_
what area would you like
_NAME_ is a nice place , their price -s are _PRICE_ and their phone number is _PHONE_
_NAME_ is a nice place , it is good for _GOODFORMEAL_ , it is in the _PRICERANGE_ price range and it is near _NEAR_
goodbye
let confirm confirm you are not friendly restaurant friendly _KIDSALLOWED_t allow child -s
_NAME_ is a nice place , where child -s are allowed and it is in the _PRICERANGE_ price range
_NAME_ is a nice _TYPE_
_NAME_ is a nice _TYPE_
_NAME_ is a nice place their phone number is _PHONE_
_NAME_ is a nice place it serves _FOOD_ food
goodbye
there are _COUNT_ _TYPE_ -s good for _GOODFORMEAL_
what kind of food would you like
there are _COUNT_ _TYPE_ -s good for _GOODFORMEAL_ and you do not care about the the area
what area would you like
there are _COUNT_ _TYPE_ -s good for _GOODFORMEAL_ and you do not care about the the area
what price range would you like
_NAME_ is a nice place , it is good for _GOODFORMEAL_ , it is in the _PRICERANGE_ price range and it is good for _GOODFORMEAL_
_NAME_ is a nice _TYPE_
_NAME_ is a nice _TYPE_
_NAME_ is near _NEAR_
_NAME_ is a nice place it is in the _PRICERANGE_ price range
_NAME_ is a nice _TYPE_
_NAME_ is a nice place , where child -s are allowed and it is in the _PRICERANGE_ price range
_NAME_ is located at _ADDRESS_ , the phone number is _PHONE_
goodbye
there are _COUNT_ _TYPE_ -s good for _GOODFORMEAL_
what price range would you like
what price range would you like
_NAME_ is a nice place , it is in the _PRICERANGE_ price range and it is good for _GOODFORMEAL_
i am sorry but there is no place other than _NAME_ in the _PRICERANGE_ price range and good for _GOODFORMEAL_
_NAME_ is located at _ADDRESS_
i am sorry but there is no place other than _NAME_ in the _PRICERANGE_ price range and good for _GOODFORMEAL_
goodbye
_NAME_ is a nice place , it is in the _PRICERANGE_ price range and it is good for _GOODFORMEAL_
_NAME_ is located in _AREA_ and _AREA_
goodbye
there are no _PRICERANGE_ -s in the _PRICERANGE_ price range and in the _PRICERANGE_ price range
let me confirm , you are looking for a restaurant in the _PRICERANGE_ price range
_NAME_ is a nice place , it is in the _PRICERANGE_ price range and where child -s are allowed
_NAME_ is a nice _TYPE_
_NAME_ is a nice place it serves _FOOD_ food
_NAME_ is a nice place , their phone number is _PHONE_ and their postcode is _POSTCODE_
goodbye
_NAME_ is a nice place , it is in the _PRICERANGE_ price range , where child -s are allowed and it serves _FOOD_ food
_NAME_ is a nice place their phone number is _PHONE_
_NAME_ is a nice _TYPE_
_NAME_ is a nice _TYPE_
_NAME_ is a nice place it is good for _GOODFORMEAL_
goodbye
_NAME_ is a nice place , it serves _FOOD_ food and it is good for _GOODFORMEAL_
_NAME_ is a nice place where child -s are allowed
_NAME_ is in _AREA_ , _AREA_ . phone number is _PHONE_
goodbye
there are _COUNT_ _TYPE_ -s good for _GOODFORMEAL_
what price range would you like
there are _COUNT_ _TYPE_ -s good for _GOODFORMEAL_
what price range would you like
_NAME_ is a nice place , it serves _FOOD_ food and it is good for _GOODFORMEAL_
_NAME_ is a nice _TYPE_
_NAME_ is a nice place it is in the _PRICERANGE_ price range
goodbye
_NAME_ is a nice place , it is near _NEAR_ and it is near _NEAR_
there are _COUNT_ _TYPE_ -s near _NEAR_ and near _NEAR_
what is your preference as to whether it allows child -s
_NAME_ is a nice place , it is near _NEAR_ , it is near _NEAR_ , where child -s are allowed and it is near _NEAR_
_NAME_ is located in _AREA_ and _AREA_
goodbye
there are no _PRICERANGE_ -s in the _PRICERANGE_ price range and in the _PRICERANGE_ price range
_NAME_ is a nice place it serves _FOOD_ food
_NAME_ is a nice place , their phone number is _PHONE_ and their postcode is _POSTCODE_
_NAME_ is a nice place where child -s are allowed
goodbye
_NAME_ is a nice place , it is in the _PRICERANGE_ price range , where child -s are allowed and it is near _NEAR_
can i help you with anything else
_NAME_ is a nice _TYPE_
_NAME_ is a nice _TYPE_
_NAME_ serves _FOOD_ food and their phone number is _PHONE_
goodbye
_NAME_ is a nice place , it serves _FOOD_ food and it is good for _GOODFORMEAL_
_NAME_ is located at _ADDRESS_
_NAME_ is a nice _TYPE_
_NAME_ is a nice place their price -s are _PRICE_
goodbye
what kind of food would you like
_NAME_ is a nice place it is in the _PRICERANGE_ price range
_NAME_ is a nice _TYPE_
_NAME_ is located at _ADDRESS_
goodbye
what price range would you like
there are _COUNT_ _TYPE_ -s in the _PRICERANGE_ price range
what kind of food would you like
_NAME_ is a nice place , it is in the _PRICERANGE_ price range , it is in the _PRICERANGE_ price range and it is good for _GOODFORMEAL_
can i help you with anything else
_NAME_ is near _NEAR_ , the the phone number is _PHONE_ . the phone number is _PHONE_
goodbye
what price range would you like
_NAME_ is a nice place , it is in the _PRICERANGE_ price range and where child -s are allowed
_NAME_ is located at _ADDRESS_ , the phone number is _PHONE_
goodbye
_NAME_ is near _NEAR_
there are _COUNT_ _TYPE_ -s near _NEAR_
what is your preference as to whether it allows child -s
_NAME_ is a nice place , where child -s are allowed and it is near _NEAR_
_NAME_ is located at _ADDRESS_ , the phone number is _PHONE_
_NAME_ is a nice place it serves _FOOD_ food
goodbye
what price range would you like
there are _COUNT_ _TYPE_ -s where child -s are allowed
what area would you like
_NAME_ is a nice place where child -s are allowed
there are _COUNT_ _TYPE_ -s where child -s are allowed
what area would you like
goodbye
_NAME_ is a nice place , it is in the _PRICERANGE_ price range , it is good for _GOODFORMEAL_ and it is in the area of _AREA_
there are _COUNT_ _TYPE_ -s in the _PRICERANGE_ price range and in the _PRICERANGE_ price range
what is your preference as to whether it allows child -s
you are looking for the the _AREA_
_NAME_ is located at _ADDRESS_ , the phone number is _PHONE_
goodbye
_NAME_ is in _AREA_ and _AREA_
_NAME_ is a nice _TYPE_
there are no restaurant -s in the _AREA_ area
_NAME_ is located at _ADDRESS_ , the phone number is _PHONE_
_NAME_ is a nice _TYPE_
_NAME_ is a nice place it is good for _GOODFORMEAL_
goodbye
_NAME_ is a nice place where child -s are allowed
you you looking for a restaurant near _NEAR_
_NAME_ is near _NEAR_ and allows child -s
_NAME_ is located in _AREA_ , the address is _ADDRESS_ . the phone number is _PHONE_
goodbye
there are 0 restaurant -s that that are good for _GOODFORMEAL_ and serves _FOOD_ food
_NAME_ is a nice place it serves _FOOD_ food
_NAME_ is a nice _TYPE_
i am sorry but there is no place other than _NAME_ serving _FOOD_ food
_NAME_ is located at _ADDRESS_
_NAME_ is a nice place it is in the _PRICERANGE_ price range
goodbye
there are no _PRICERANGE_ -s in the _PRICERANGE_ price range and in the _PRICERANGE_ price range
_NAME_ is a nice place it serves _FOOD_ food
_NAME_ is located at _ADDRESS_
_NAME_ is a nice place where child -s are allowed
goodbye
_NAME_ is a nice place , it is in the _PRICERANGE_ price range and it is good for _GOODFORMEAL_
goodbye
what is your preference as to whether it allows child -s
_NAME_ is in _AREA_ and _AREA_ allows child -s
_NAME_ is a nice _TYPE_
_NAME_ is in _AREA_
you are looking for the the _AREA_
_NAME_ is located at _ADDRESS_
goodbye
what price range would you like
_NAME_ is a nice place , it is in the _PRICERANGE_ price range , where child -s are allowed and it is near _NEAR_
_NAME_ is located in _AREA_ and _AREA_
goodbye
_NAME_ is a nice place , where child -s are allowed and it serves _FOOD_ food
_NAME_ is a nice place , their phone number is _PHONE_ and their postcode is _POSTCODE_
goodbye
_NAME_ is a nice place , it is in the _PRICERANGE_ price range , where child -s are allowed and it is in the _PRICERANGE_ price range
_NAME_ is a nice place their phone number is _PHONE_
_NAME_ is a nice place it is good for _GOODFORMEAL_
goodbye
what price range would you like
there are no _PRICERANGE_ restaurant -s in the _PRICERANGE_ price range and in the _PRICERANGE_ price range
_NAME_ is a nice place , it is in the _PRICERANGE_ price range and it is good for _GOODFORMEAL_
_NAME_ is located at _ADDRESS_ , the phone number is _PHONE_
goodbye
_NAME_ is a nice place it serves _FOOD_ food
goodbye
_NAME_ is near _NEAR_
_NAME_ is a nice place where child -s are allowed
_NAME_ is a nice _TYPE_
_NAME_ is a nice place , where child -s are allowed and it is near _NEAR_
_NAME_ is a nice place , it serves _FOOD_ food and their address is _ADDRESS_
_NAME_ is a nice place their phone number is _PHONE_
goodbye
_NAME_ is a nice place , it is in the _PRICERANGE_ price range and where child -s are allowed
let me confirm , you are looking for a restaurant in the _PRICERANGE_ price range
let me confirm , you are looking for a restaurant in the _PRICERANGE_ price range
_NAME_ is a nice _TYPE_
what price range would you like
_NAME_ is located in _AREA_ and _AREA_
goodbye
what kind of food would you like
what is your preference as to whether it allows child -s
there are _COUNT_ _TYPE_ -s in the area of _AREA_
what price range would you like
_NAME_ is a nice place it is in the _PRICERANGE_ price range
_NAME_ is a nice place their phone number is _PHONE_
_NAME_ is a nice place it is in the _PRICERANGE_ price range
there are no _PRICERANGE_ restaurant in _AREA_
goodbye
_NAME_ is a nice place , it is in the _PRICERANGE_ price range and it is good for _GOODFORMEAL_
_NAME_ is a nice _TYPE_
_NAME_ is a nice place their phone number is _PHONE_
_NAME_ is a nice place where child -s are allowed
goodbye
_NAME_ is a nice place , it serves _FOOD_ food and where child -s are allowed
_NAME_ is a nice _TYPE_
there are _COUNT_ _TYPE_ -s where child -s are allowed and in the _PRICERANGE_ price range and in the _PRICERANGE_ price range
where would you like it to be near to
_NAME_ is a nice place , it is in the _PRICERANGE_ price range , where child -s are allowed and it serves _FOOD_ food
there are 0 restaurant -s that that -s are allowed allow where child -s
goodbye
_NAME_ is a nice place it serves _FOOD_ food
there are _COUNT_ _TYPE_ -s serving _FOOD_ food
what meal would you like
_NAME_ is a nice _TYPE_
there are _COUNT_ _TYPE_ -s serving _FOOD_ food
what is your preference as to whether it allows child -s
_NAME_ is a nice place , where child -s are allowed and it serves _FOOD_ food
_NAME_ is a nice place , their address is _ADDRESS_ , their phone number is _PHONE_ and it is in the _PRICERANGE_ price range
goodbye
there are 0 restaurant -s near _NEAR_
_NAME_ is a nice place , it is near _NEAR_ and it is near _NEAR_
_NAME_ is located at _ADDRESS_
_NAME_ is a nice place where child -s are allowed
goodbye
_NAME_ is a nice place , it is good for _GOODFORMEAL_ and where child -s are allowed
there are _COUNT_ _TYPE_ -s good for _GOODFORMEAL_ and where child -s are allowed
what kind of food would you like
_NAME_ is a nice place , it serves _FOOD_ food , it is good for _GOODFORMEAL_ , where child -s are allowed
_NAME_ is a nice place , it is good for _GOODFORMEAL_ , it is near _NEAR_ , where child -s are allowed and it is near _NEAR_
_NAME_ is a nice place , it is good for _GOODFORMEAL_ , it is near _NEAR_ , where child -s are allowed and it is near _NEAR_
_NAME_ is a nice place , their address is _ADDRESS_ , their phone number is _PHONE_ , it is near _NEAR_
goodbye
_NAME_ is a nice place , it is in the _PRICERANGE_ price range and it is good for _GOODFORMEAL_
_NAME_ is near _NEAR_
_NAME_ is a nice place , it is near _NEAR_ , it is good for _GOODFORMEAL_ and it is in the _PRICERANGE_ price range
_NAME_ is a nice place their phone number is _PHONE_
_NAME_ is a nice place where child -s are allowed
goodbye
_NAME_ is a nice place , it is in the _PRICERANGE_ price range , where child -s are allowed and it serves _FOOD_ food
_NAME_ is in _AREA_
_NAME_ is located at _ADDRESS_
goodbye
_NAME_ is a nice place , it is in the _PRICERANGE_ price range and where child -s are allowed
_NAME_ is a nice place , it is in the _PRICERANGE_ price range and where child -s are allowed
_NAME_ is a nice _TYPE_
_NAME_ is a nice place their phone number is _PHONE_
_NAME_ is a nice _TYPE_
there are _COUNT_ _TYPE_ -s where child -s are allowed and in the _PRICERANGE_ price range and in the _PRICERANGE_ price range
what meal would you like
goodbye
there are 0 _PRICERANGE_ restaurant near _NEAR_ near _NEAR_
sorry would you like _FOOD_ food
there are 0 _PRICERANGE_ restaurant near _NEAR_ in the _PRICERANGE_ price range and near _NEAR_
goodbye
_NAME_ is a nice place , where child -s are allowed and it is good for _GOODFORMEAL_
_NAME_ is in _AREA_ , _AREA_ . phone number is _PHONE_
goodbye
_NAME_ is a nice place , it is good for _GOODFORMEAL_ and it serves _FOOD_ food
_NAME_ is located in _AREA_ and _AREA_
goodbye
_NAME_ is a nice place , it serves _FOOD_ food , it is good for _GOODFORMEAL_ and where child -s are allowed
_NAME_ is located in _AREA_ , the address is _ADDRESS_ . the phone number is _PHONE_
goodbye
there are no restaurant -s in _AREA_
there are no restaurant -s in _AREA_
there are no restaurant -s in _AREA_
there are no restaurant -s in _AREA_
there are no restaurant -s in _AREA_
there are no restaurant -s in _AREA_
what area would you like
what area would you like
what meal would you like
_NAME_ is a nice place it is good for _GOODFORMEAL_
_NAME_ is a nice place , it is in the _PRICERANGE_ price range and it is in the _PRICERANGE_ price range
_NAME_ is a nice place it is good for _GOODFORMEAL_
goodbye
what price range would you like
there are 0 restaurant -s that that are good for _GOODFORMEAL_ and serves _FOOD_ food
there are 0 restaurant -s that -s are good _GOODFORMEAL_ and in the area of _AREA_
_NAME_ is a nice place , it serves _FOOD_ food and it is good for _GOODFORMEAL_
there is no place other than _NAME_ that serves _FOOD_ _GOODFORMEAL_ , where child -s are allowed , good for _GOODFORMEAL_
_NAME_ is a nice place , their address is _PRICE_ , their phone -s are _PRICE_ , their phone -s are allowed and it is near _NEAR_
goodbye
_NAME_ is a nice place , it is good for _GOODFORMEAL_ , it is in the _PRICERANGE_ price range and it is near _NEAR_
_NAME_ is a nice place , it is good for _GOODFORMEAL_ , it is in the _PRICERANGE_ price range and it is near _NEAR_
i am sorry but there is no place , in the _PRICERANGE_ price range , good for _GOODFORMEAL_ and near _NEAR_
_NAME_ is located at _ADDRESS_ and postcode _POSTCODE_
goodbye
_NAME_ is a nice place , it is in the _PRICERANGE_ price range and where child -s are allowed
there are _COUNT_ _TYPE_ -s where child -s are allowed and in the _PRICERANGE_ price range
what meal would you like
_NAME_ is a nice place , where child -s are allowed and it is in the _PRICERANGE_ price range
_NAME_ is a nice place , it is near _NEAR_ and their price is near and it is near _NEAR_
_NAME_ is a nice place their phone number is _PHONE_
there are _COUNT_ _TYPE_ -s where child -s are allowed and in the _PRICERANGE_ price range
what meal would you like
goodbye
there are 0 restaurant -s near _NEAR_ near _NEAR_ near _NEAR_ near _NEAR_ in child -s
_NAME_ is a nice place , where child -s are allowed and it is near _NEAR_
_NAME_ is a nice place , it is good for _GOODFORMEAL_ , it is near _NEAR_ , where child -s are allowed and it is near _NEAR_
_NAME_ is located at _ADDRESS_ , the phone number is _PHONE_
goodbye
_NAME_ is in _AREA_
_NAME_ is near _NEAR_ , the the phone number is _PHONE_ . the phone number is _PHONE_
goodbye
there are no restaurant -s in _AREA_
goodbye
what price range would you like
_NAME_ is a nice place , where child -s are allowed and it is in the _PRICERANGE_ price range
_NAME_ is a nice place their phone number is _PHONE_
_NAME_ is a nice place , it is good for _GOODFORMEAL_ , it is in the _PRICERANGE_ price range , where child -s are allowed
_NAME_ is a nice place their price -s are _PRICE_
goodbye
_NAME_ is a nice place it serves _FOOD_ food
_NAME_ is near _NEAR_
_NAME_ is a nice place , it is near _NEAR_ and it is near _NEAR_
_NAME_ is a nice place , their address is _ADDRESS_ , their phone number is _PHONE_ , it is near _NEAR_
goodbye
_NAME_ is a nice place it serves _FOOD_ food
_NAME_ is a nice place , it is in the _PRICERANGE_ price range and it serves _FOOD_ food
_NAME_ is a nice place , it is in the _PRICERANGE_ price range and it serves _FOOD_ food
_NAME_ is in _AREA_ , _AREA_ . phone number is _PHONE_
goodbye
what kind of food would you like
_NAME_ is a nice place it is in the _PRICERANGE_ price range
_NAME_ is a nice place , it is in the _PRICERANGE_ price range and it is near _NEAR_
_NAME_ is located at _ADDRESS_
_NAME_ is a nice _TYPE_
_NAME_ is a nice place their phone number is _PHONE_
goodbye
_NAME_ is a nice place , it is in the _PRICERANGE_ price range and it is near _NEAR_
_NAME_ is a nice place , it is in the _PRICERANGE_ price range and it is near _NEAR_
_NAME_ is a nice place , it is in the _PRICERANGE_ price range and it is near _NEAR_
goodbye
what meal would you like
_NAME_ is a nice place , it serves _FOOD_ food and where child -s are allowed
_NAME_ is located at _ADDRESS_ and postcode _POSTCODE_
_NAME_ is a nice _TYPE_
_NAME_ is a nice place their phone number is _PHONE_
goodbye
what price range would you like
_NAME_ is a nice place , where child -s are allowed and it is good for _GOODFORMEAL_
_NAME_ is a nice place , it is near _NEAR_ , it is near _NEAR_ , it is near _NEAR_ and where child -s are allowed
_NAME_ is located at _ADDRESS_
_NAME_ is a nice place it serves _FOOD_ food
goodbye
_NAME_ is a nice place , it serves _FOOD_ food and where child -s are allowed
_NAME_ is a nice _TYPE_
there are _COUNT_ _TYPE_ -s where child -s are allowed and in the _PRICERANGE_ price range and in the _PRICERANGE_ price range
where would you like it to be near to
_NAME_ is a nice place , it is in the _PRICERANGE_ price range , where child -s are allowed and it serves _FOOD_ food
there are 0 restaurant -s that that -s are allowed allow where child -s
goodbye
what is your preference as to whether it allows child -s
_NAME_ is a nice place where child -s are allowed
_NAME_ is a nice place it is in the _PRICERANGE_ price range
there are 0 _PRICERANGE_ restaurant near _NEAR_ near _NEAR_
_NAME_ is a nice place , it is in the _PRICERANGE_ price range and it is near _NEAR_
_NAME_ is located at _ADDRESS_
_NAME_ is a nice place their phone number is _PHONE_
_NAME_ postcode is _POSTCODE_
goodbye
_NAME_ is a nice place , it is in the _PRICERANGE_ price range and where child -s are allowed
there are _COUNT_ _TYPE_ -s where child -s are allowed and in the _PRICERANGE_ price range
what kind of food would you like
there are no _PRICERANGE_ restaurant in _AREA_ area _AREA_ in _AREA_ area in _AREA_ area in _AREA_ area
goodbye
what price range would you like
_NAME_ is a nice place , it is near _NEAR_ , it is near _NEAR_ , where child -s are allowed and it is near _NEAR_
_NAME_ is a nice place , it is in the _PRICERANGE_ price range and it is in the _PRICERANGE_ price range
goodbye
where would you like it to be near to
what price range would you like
goodbye
_NAME_ is a nice place it is good for _GOODFORMEAL_
_NAME_ is a nice place it is good for _GOODFORMEAL_
_NAME_ is in _AREA_ , _AREA_ . phone number is _PHONE_
goodbye
there are _COUNT_ _TYPE_ -s where child -s are allowed in the _AREA_ area
what kind of food would you like
_NAME_ is a nice place , it is in the area of _AREA_ , where child -s are allowed , it is near _NEAR_
_NAME_ is located in _AREA_ and _AREA_
goodbye
_NAME_ is a nice place , it serves _FOOD_ food and it is good for _GOODFORMEAL_
_NAME_ is a nice _TYPE_
_NAME_ is a nice place their phone number is _PHONE_
_NAME_ is in _AREA_
goodbye
what price range would you like
_NAME_ is a nice place , where child -s are allowed and it is in the _PRICERANGE_ price range
_NAME_ is a nice place their phone number is _PHONE_
_NAME_ is a nice place , it is good for _GOODFORMEAL_ , it is in the _PRICERANGE_ price range , where child -s are allowed
_NAME_ is a nice place their price -s are _PRICE_
goodbye
_NAME_ is a nice place it is in the _PRICERANGE_ price range
_NAME_ is located at _ADDRESS_ , the phone number is _PHONE_
_NAME_ is a nice place it is in the _PRICERANGE_ price range
_NAME_ is a nice _TYPE_
goodbye
_NAME_ is a nice place , where child -s are allowed and it is near _NEAR_
_NAME_ is a nice place their phone number is _PHONE_
_NAME_ is a nice place it is good for _GOODFORMEAL_
goodbye
what price range would you like
there are _COUNT_ _TYPE_ -s in the _PRICERANGE_ price range
where would you like it to be near to
what price range would you like
_NAME_ is a nice place , it is in the _PRICERANGE_ price range and it is near _NEAR_
_NAME_ is located at _ADDRESS_
_NAME_ is near _NEAR_
goodbye
what is your preference as to whether it allows child -s
_NAME_ is a nice place it serves _FOOD_ food
_NAME_ is a nice place it serves _FOOD_ food
goodbye
you are looking for a restaurant a restaurant right
_NAME_ is a nice place , it is good for _GOODFORMEAL_ , it is near _NEAR_ and it is near _NEAR_
_NAME_ is located at _ADDRESS_
_NAME_ is a nice place where child -s are allowed
goodbye
sorry would you like it to _GOODFORMEAL_
what kind of food would you like
sorry would you like something in the _PRICERANGE_ price range or or it
sorry would you like something in the _PRICERANGE_ price range or or it
what is your preference as to whether it allows child -s
there are _COUNT_ _TYPE_ -s where child -s are allowed and in the _PRICERANGE_ price range
what area would you like
goodbye
there are _COUNT_ _PRICERANGE_ _TYPE_ -s in the _PRICERANGE_ price range
what area would you like
_NAME_ is a nice place , where child -s are allowed , it is in the _PRICERANGE_ price range and it serves _FOOD_ food
_NAME_ is a nice place , it is in the area of _AREA_ and it serves _FOOD_ food
_NAME_ is a nice place where child -s are allowed
_NAME_ is located at _ADDRESS_
_NAME_ is a nice _TYPE_
_NAME_ is in _AREA_
_NAME_ is a nice place their phone number is _PHONE_
goodbye
what meal would you like
_NAME_ is near _NEAR_
_NAME_ is a nice _TYPE_
i am sorry but there is no place , where _KIDSALLOWED_ child -s are allowed , , good for _GOODFORMEAL_ , near _NEAR_
_NAME_ is a nice place , their address is _ADDRESS_ , their phone number is _PHONE_ , it is near _NEAR_
goodbye
_NAME_ is a nice place , it serves _FOOD_ food and it is good for _GOODFORMEAL_
_NAME_ is located at _ADDRESS_
_NAME_ is a nice place their phone number is _PHONE_
_NAME_ is in _AREA_
goodbye
_NAME_ is a nice place it is good for _GOODFORMEAL_
_NAME_ is located in _AREA_ and _AREA_
goodbye
sorry would you like _FOOD_ food
goodbye
_NAME_ is a nice place , it is in the _PRICERANGE_ price range and it is near _NEAR_ and it is near _NEAR_
_NAME_ is a nice _TYPE_
_NAME_ is in _AREA_
_NAME_ is located at _ADDRESS_
_NAME_ is a nice place , it is in the _PRICERANGE_ price range and where child -s are allowed
_NAME_ is a nice place , it is in the _PRICERANGE_ price range and where child -s are allowed
_NAME_ is a nice place , it serves _FOOD_ food and their address is _ADDRESS_
goodbye
_NAME_ is a nice place , it is in the _PRICERANGE_ price range , where child -s are allowed and it serves _FOOD_ food
there are _COUNT_ _TYPE_ -s where child -s are allowed and in the _PRICERANGE_ price range and in the _PRICERANGE_ price range
where would you like it to be near to
_NAME_ is a nice place , it is near _NEAR_ , where child -s are allowed , it is in the _PRICERANGE_ price range and it is near _NEAR_
_NAME_ postcode is _POSTCODE_
_NAME_ is located at _ADDRESS_ , the phone number is _PHONE_
goodbye
_NAME_ is a nice place it is in the _PRICERANGE_ price range
_NAME_ is a nice place , it is in the _PRICERANGE_ price range , it is in the _PRICERANGE_ price range and it is good for _GOODFORMEAL_
_NAME_ is a nice _TYPE_
_NAME_ is in _AREA_ , _AREA_ . phone number is _PHONE_
goodbye
_NAME_ is a nice place , it is in the _PRICERANGE_ price range , it is good for _GOODFORMEAL_ , where child -s are allowed and it is in the _PRICERANGE_ price range
_NAME_ is in _AREA_ , _AREA_ . phone number is _PHONE_
goodbye
what price range would you like
_NAME_ is a nice place it is in the _PRICERANGE_ price range
_NAME_ is a nice place , it is in the _PRICERANGE_ price range and where child -s are allowed
_NAME_ is a nice place , their price -s are _PRICE_ and their phone number is _PHONE_
goodbye
what area would you like
_NAME_ is a nice place , it is in the area of _AREA_ and it serves _FOOD_ food
_NAME_ is a nice _TYPE_
_NAME_ is a nice _TYPE_
there are no _PRICERANGE_ restaurant in _AREA_
where would you like it to be near to
goodbye
_NAME_ is near _NEAR_
i am sorry but there is no place other near _NEAR_
_NAME_ is a nice place , it is good for _GOODFORMEAL_ and it is near _NEAR_
i am sorry but there is no place , where _KIDSALLOWED_ child -s are allowed , , good for _GOODFORMEAL_ , near _NEAR_
_NAME_ is located at _ADDRESS_
_NAME_ is a nice place it is in the _PRICERANGE_ price range
goodbye
what is your preference as to whether it allows child -s
_NAME_ is a nice place where child -s are allowed
_NAME_ is a nice place , it is in the _PRICERANGE_ price range and where child -s are allowed
_NAME_ is located at _ADDRESS_ , the phone number is _PHONE_
_NAME_ is near _NEAR_
goodbye
what meal would you like
_NAME_ is near _NEAR_
_NAME_ is a nice _TYPE_
i am sorry but there is no place , where _KIDSALLOWED_ child -s are allowed , , good for _GOODFORMEAL_ , near _NEAR_
_NAME_ is a nice place , their address is _ADDRESS_ , their phone number is _PHONE_ , it is near _NEAR_
goodbye
what is your preference as to whether it allows child -s
there are _COUNT_ _TYPE_ -s where child -s are allowed
what kind of food would you like
_NAME_ is a nice place , it is in the _PRICERANGE_ price range and it serves _FOOD_ food
_NAME_ is a nice place , their phone number is _PHONE_ and their postcode is _POSTCODE_
goodbye
there are _COUNT_ _TYPE_ -s in the area of _AREA_
what price range would you like
_NAME_ is a nice place it is in the _PRICERANGE_ price range
_NAME_ is a nice place their phone number is _PHONE_
_NAME_ is a nice place it is in the _PRICERANGE_ price range
there are no _PRICERANGE_ restaurant in _AREA_
goodbye
_NAME_ is in _AREA_ and _AREA_
_NAME_ serves _FOOD_ food and their phone number is _PHONE_
goodbye
sorry would you like it to _NEAR_
_NAME_ is in _AREA_
_NAME_ is in _AREA_
_NAME_ is in _AREA_
what kind of food would you like
_NAME_ is a nice place it serves _FOOD_ food
_NAME_ is a nice place , it is in the _PRICERANGE_ price range and it serves _FOOD_ food
_NAME_ is a nice place , it is in the _PRICERANGE_ price range and it serves _FOOD_ food
_NAME_ is in _AREA_ , _AREA_ . phone number is _PHONE_
goodbye
_NAME_ is a nice place , it is in the _PRICERANGE_ price range and it serves _FOOD_ food
what price range would you like
_NAME_ is a nice place , it is in the _PRICERANGE_ price range and it serves _FOOD_ food
_NAME_ is a nice _TYPE_
_NAME_ is near _NEAR_ and its phone number is _PHONE_
goodbye
_NAME_ is a nice place , where child -s are allowed , it is in the area of _AREA_
_NAME_ is a nice place , it is good for _GOODFORMEAL_ and it serves _FOOD_ food
let confirm confirm you are not friendly restaurant friendly _KIDSALLOWED_t allow child -s
_NAME_ is a nice place , it is in the area of _AREA_ , it is good for _GOODFORMEAL_ , where child -s are allowed
_NAME_ is located at _ADDRESS_ , the phone number is _PHONE_
_NAME_ is a nice place it is in the _PRICERANGE_ price range
goodbye
what kind of food would you like
what kind of food would you like
_NAME_ is near _NEAR_
_NAME_ is located at _ADDRESS_ , the phone number is _PHONE_
can i help you with anything else
_NAME_ is a nice place where child -s are allowed
goodbye
what price range would you like
_NAME_ is a nice place it is in the _PRICERANGE_ price range
_NAME_ is a nice _TYPE_
_NAME_ is a nice place , it is in the _PRICERANGE_ price range and it is near _NEAR_
_NAME_ is located at _ADDRESS_
_NAME_ is a nice place their price -s are _PRICE_
goodbye
what area would you like
there are _COUNT_ _TYPE_ -s in the area of _AREA_
what kind of food would you like
_NAME_ is a nice place , it is in the area of _AREA_ and it serves _FOOD_ food
_NAME_ is a nice place , their address is _ADDRESS_ , their phone number is _PHONE_ , it is near _NEAR_
goodbye
_NAME_ is a nice place it serves _FOOD_ food
_NAME_ is located at _ADDRESS_
_NAME_ is a nice place their phone number is _PHONE_
_NAME_ is in _AREA_
goodbye
what area would you like
_NAME_ is a nice place , it is near _NEAR_ , it is near _NEAR_ , it is near _NEAR_ and where child -s are allowed
_NAME_ is located at _ADDRESS_
can i help you with anything else
_NAME_ is a nice place it is in the _PRICERANGE_ price range
goodbye
what price range would you like
_NAME_ is a nice place it is in the _PRICERANGE_ price range
_NAME_ is located at _ADDRESS_
_NAME_ is a nice _TYPE_
goodbye
_NAME_ is a nice place , it serves _FOOD_ food and it is good for _GOODFORMEAL_
_NAME_ is a nice place where child -s are allowed
_NAME_ is a nice place , it serves _FOOD_ food and it is good for _GOODFORMEAL_
_NAME_ is a nice place where child -s are allowed
_NAME_ is in _AREA_ , _AREA_ . phone number is _PHONE_
goodbye
there are _COUNT_ _TYPE_ -s good for _GOODFORMEAL_
what price range would you like
what price range would you like
there are 0 restaurant -s that -s are good _GOODFORMEAL_ and in the area of _AREA_
there are _COUNT_ _TYPE_ -s serving _FOOD_ food
what price range would you like
_NAME_ is a nice _TYPE_
goodbye
_NAME_ is a nice place , it is in the _PRICERANGE_ price range and it serves _FOOD_ food
_NAME_ is in _AREA_ , _AREA_ . phone number is _PHONE_
goodbye
there are 0 restaurant -s that -s are good _GOODFORMEAL_ and in the area of _AREA_
_NAME_ is a nice place it serves _FOOD_ food
_NAME_ is a nice place it serves _FOOD_ food
_NAME_ is a nice place , it is good for _GOODFORMEAL_ and it serves _FOOD_ food
_NAME_ is a nice place their phone number is _PHONE_
_NAME_ is near _NEAR_
goodbye
_NAME_ is a nice place , it is in the _PRICERANGE_ price range , it is near _NEAR_ and where child -s are allowed
you you looking for a restaurant near _NEAR_
_NAME_ is a nice place , it is in the _PRICERANGE_ price range , where child -s are allowed and it is near _NEAR_
you you looking for a restaurant near _NEAR_
i am sorry but there is no place , where _KIDSALLOWED_ _PRICERANGE_ price range , near _NEAR_ and near _NEAR_ in _NEAR_ area _NEAR_
_NAME_ is a nice place , their address is _ADDRESS_ , their phone number is _PHONE_ , it is near _NEAR_
goodbye
_NAME_ is a nice place , it is in the _PRICERANGE_ price range and it is good for _GOODFORMEAL_
_NAME_ is near _NEAR_
_NAME_ is a nice place , it is near _NEAR_ , it is good for _GOODFORMEAL_ and it is in the _PRICERANGE_ price range
_NAME_ is a nice place their phone number is _PHONE_
_NAME_ is a nice place where child -s are allowed
goodbye
_NAME_ is a nice place , it is in the _PRICERANGE_ price range and it serves _FOOD_ food
_NAME_ is located in _AREA_ and _AREA_
goodbye
there are _COUNT_ _TYPE_ -s where child -s are allowed and where the child -s are allowed
what meal would you like
there are _COUNT_ _TYPE_ -s good _FOOD_ _GOODFORMEAL_ and where child -s are allowed and in the child -s
what price range would you like
let me confirm you are looking for a place good for _GOODFORMEAL_
_NAME_ is a nice place , it is good for , , it is in the _PRICERANGE_ price range , it is good for _GOODFORMEAL_ and where child -s are allowed
_NAME_ is located at _ADDRESS_
_NAME_ is a nice place it is good for _GOODFORMEAL_
goodbye
_NAME_ is a nice place , it serves _FOOD_ food and where child -s are allowed
_NAME_ is a nice _TYPE_
there are _COUNT_ _TYPE_ -s where child -s are allowed and in the _PRICERANGE_ price range and in the _PRICERANGE_ price range
where would you like it to be near to
_NAME_ is a nice place , it is in the _PRICERANGE_ price range , where child -s are allowed and it serves _FOOD_ food
there are 0 restaurant -s that that -s are allowed allow where child -s
goodbye
what price range would you like
_NAME_ is a nice place , it is in the _PRICERANGE_ price range , it is good for _GOODFORMEAL_ , where child -s are allowed and it is good for _GOODFORMEAL_
_NAME_ is a nice place , their price -s are _PRICE_ and their phone number is _PHONE_
there are _COUNT_ _TYPE_ -s where child -s are allowed , in the _PRICERANGE_ price range and and is good for _GOODFORMEAL_
where would you like it to be near to
goodbye
there are 0 restaurant -s that that -s are allowed allow where child -s
_NAME_ is a nice place , it is in the _PRICERANGE_ price range and it serves _FOOD_ food
_NAME_ is a nice place their phone number is _PHONE_
_NAME_ is near _NEAR_
_NAME_ is a nice place where child -s are allowed
goodbye
_NAME_ is a nice place it is in the _PRICERANGE_ price range
_NAME_ is a nice _TYPE_
_NAME_ is in _AREA_ , _AREA_ . phone number is _PHONE_
goodbye
_NAME_ is a nice place , it is in the _PRICERANGE_ price range and where child -s are allowed
_NAME_ is a nice place , their phone number is _PHONE_ and their postcode is _POSTCODE_
_NAME_ is located at _ADDRESS_
goodbye
there are _COUNT_ _TYPE_ -s good for _GOODFORMEAL_ and where child -s are allowed
what area would you like
_NAME_ is a nice place , where child -s are allowed and it is good for _GOODFORMEAL_
_NAME_ is a nice place , it is in the _PRICERANGE_ price range and it is in the _PRICERANGE_ price range
goodbye
where would you like it to be near to
_NAME_ is a nice place , it is in the _PRICERANGE_ price range and where child -s are allowed
_NAME_ is located at _ADDRESS_
_NAME_ is a nice _TYPE_
_NAME_ is a nice place their phone number is _PHONE_
_NAME_ is a nice place it serves _FOOD_ food
goodbye
_NAME_ is a nice place it is in the _PRICERANGE_ price range
_NAME_ is a nice _TYPE_
_NAME_ is a nice _TYPE_
_NAME_ is a nice place their phone number is _PHONE_
_NAME_ is a nice place it is in the _PRICERANGE_ price range
goodbye
what meal would you like
_NAME_ is a nice place it serves _FOOD_ food
_NAME_ is a nice _TYPE_
_NAME_ is located at _ADDRESS_ , the phone number is _PHONE_
goodbye
_NAME_ is a nice place , it is in the _PRICERANGE_ price range , where child -s are allowed and it serves _FOOD_ food
_NAME_ is located at _ADDRESS_
_NAME_ is a nice place their phone number is _PHONE_
_NAME_ is in _AREA_
_NAME_ is a nice _TYPE_
goodbye
_NAME_ is a nice place , it is in the _PRICERANGE_ price range and it serves _FOOD_ food
_NAME_ is a nice place where child -s are allowed
_NAME_ is a nice place , it is in the _PRICERANGE_ price range , it serves _FOOD_ food and it is in the _PRICERANGE_ price range
i am sorry but there is no place other than _NAME_ that allow child -s , in child -s are allowed and in the _PRICERANGE_ price range and it
_NAME_ is located at _ADDRESS_ , the phone number is _PHONE_
_NAME_ is near _NEAR_
goodbye
what price range would you like
there are no restaurant -s in _AREA_
there are no restaurant -s in _AREA_
there are no restaurant -s in _AREA_
there are no restaurant -s in _AREA_
there are no restaurant -s in _AREA_
there are no restaurant -s in _AREA_
goodbye
what meal would you like
there are _COUNT_ _TYPE_ -s good for _GOODFORMEAL_
what kind of food would you like
there are _COUNT_ _TYPE_ -s good for _GOODFORMEAL_ and you do not care about the the area
what area would you like
what meal would you like
what meal would you like
let me confirm you are looking for a place good for _GOODFORMEAL_
there are 0 restaurant -s that -s are good _GOODFORMEAL_ and in the area of _AREA_
there are 0 restaurant -s that -s are good _GOODFORMEAL_ and in the area of _AREA_
what price range would you like
_NAME_ is a nice place it is in the _PRICERANGE_ price range
_NAME_ is a nice _TYPE_
_NAME_ is a nice _TYPE_
can i help you with anything else
can i help you with anything else
goodbye
_NAME_ is a nice place , where child -s are allowed and it serves _FOOD_ food
_NAME_ is in _AREA_
_NAME_ is a nice _TYPE_
there are 0 _FOOD_ restaurant -s near _NEAR_ near _NEAR_ near _NEAR_
what area would you like
goodbye
there are _COUNT_ _TYPE_ -s good for _GOODFORMEAL_
what price range would you like
_NAME_ is a nice place , it is in the area of _AREA_ and it is good for _GOODFORMEAL_
_NAME_ is located at _ADDRESS_ , the phone number is _PHONE_
goodbye
let me confirm , you are looking for a restaurant in the _PRICERANGE_ price range
goodbye
_NAME_ is a nice place , it is in the _PRICERANGE_ price range and where child -s are allowed
_NAME_ is located in _AREA_ and _AREA_
goodbye
what kind of food would you like
_NAME_ is a nice place it serves _FOOD_ food
_NAME_ is in _AREA_ , _AREA_ . phone number is _PHONE_
goodbye
_NAME_ is a nice place it serves _FOOD_ food
_NAME_ is located at _ADDRESS_
_NAME_ is a nice place their phone number is _PHONE_
_NAME_ is a nice place it is in the _PRICERANGE_ price range
goodbye
_NAME_ is near _NEAR_
there are _COUNT_ _TYPE_ -s near _NEAR_
what price range would you like
_NAME_ is a nice place , it is in the _PRICERANGE_ price range and it is near _NEAR_
_NAME_ is a nice place , it is in the _PRICERANGE_ price range and it is near _NEAR_
_NAME_ is a nice place their phone number is _PHONE_
_NAME_ postcode is _POSTCODE_
goodbye
_NAME_ is a nice place , it serves _FOOD_ food and it is good for _GOODFORMEAL_
_NAME_ is a nice place , it serves _FOOD_ food and it is good for _GOODFORMEAL_
there are _COUNT_ _TYPE_ -s good for _GOODFORMEAL_ and you do not care about the the area
what price range would you like
_NAME_ is a nice place , it is in the price of price , their their number is _PHONE_ , it is in the area of hayes valley
goodbye
_NAME_ is a nice place it serves _FOOD_ food
_NAME_ is a nice _TYPE_
_NAME_ is a nice place their phone number is _PHONE_
_NAME_ is in _AREA_
goodbye
_NAME_ is a nice place , it is in the _PRICERANGE_ price range and it is good for _GOODFORMEAL_
can i help you with anything else
_NAME_ is a nice place their phone number is _PHONE_
goodbye
_NAME_ is in _AREA_
_NAME_ is a nice _TYPE_
there are _COUNT_ _TYPE_ -s in the area of _AREA_
what is your preference as to whether it allows child -s
there are _COUNT_ _TYPE_ -s where child -s are allowed in the _AREA_ area
what kind of food would you like
_NAME_ is a nice place , it is in the area of _AREA_ , where child -s are allowed , it is in the area of _AREA_
_NAME_ is located at _ADDRESS_
goodbye
there are _COUNT_ _TYPE_ -s good for _GOODFORMEAL_
what price range would you like
what price range would you like
what price range would you like
_NAME_ is a nice place , it is in the _PRICERANGE_ price range , it is good for _GOODFORMEAL_ , where child -s are allowed and it is in the _PRICERANGE_ price range
_NAME_ is in _AREA_ , _AREA_ . phone number is _PHONE_
goodbye
_NAME_ is a nice place , it is in the _PRICERANGE_ price range and where child -s are allowed
there are no restaurant -s in the _PRICERANGE_ price range and in the _PRICERANGE_ price range
goodbye
_NAME_ is a nice place it serves _FOOD_ food
can i help you with anything else
_NAME_ is a nice _TYPE_
_NAME_ is a nice place it serves _FOOD_ food
_NAME_ is a nice place it serves _FOOD_ food
_NAME_ is a nice place , where child -s are allowed and it is in the _PRICERANGE_ price range
_NAME_ is in _AREA_ , _AREA_ , allows child -s , is in the _PRICERANGE_ price range and is in the _PRICERANGE_ price range
_NAME_ is near _NEAR_ , and its area is near near near _NEAR_ and is near _NEAR_
goodbye
_NAME_ is a nice place it is in the _PRICERANGE_ price range
_NAME_ is a nice _TYPE_
_NAME_ is in _AREA_ and _AREA_
there is no place , where child -s are _PRICERANGE_ in in _AREA_ price range , in the area of _AREA_ and is good for _GOODFORMEAL_
_NAME_ is located at _ADDRESS_ at _ADDRESS_ at _ADDRESS_
goodbye
let me confirm , you are looking for a restaurant in the _PRICERANGE_ price range
what area would you like
what meal would you like
sorry would you like it to _NEAR_
sorry would you like something in the area of _AREA_
what is your preference as to whether it allows child -s
_NAME_ is near _NEAR_
i am sorry but there is no place other near _NEAR_
can i help you with anything else
_NAME_ is located at _ADDRESS_
_NAME_ is a nice _TYPE_
_NAME_ is a nice place their phone number is _PHONE_
goodbye
there are _COUNT_ _TYPE_ -s good for _GOODFORMEAL_
where would you like it to be near to
there are _COUNT_ _TYPE_ -s good for _GOODFORMEAL_
what is your preference as to whether it allows child -s
let confirm confirm you are not friendly restaurant friendly _KIDSALLOWED_t allow child -s
there are _COUNT_ _TYPE_ -s where child -s are allowed and good for _GOODFORMEAL_
what area would you like
_NAME_ is a nice place , it is in the area of _AREA_ , it is good for _GOODFORMEAL_ , it is in the area of _AREA_
_NAME_ is a nice place their phone number is _PHONE_
goodbye
there are _COUNT_ _PRICERANGE_ _TYPE_ -s in the _PRICERANGE_ price range
what meal would you like
_NAME_ is a nice place , it is good for _GOODFORMEAL_ , it is in the _PRICERANGE_ price range and it serves _FOOD_ food
_NAME_ is located at _ADDRESS_
_NAME_ is in _AREA_
goodbye
_NAME_ is a nice place it is in the _PRICERANGE_ price range
_NAME_ is in _AREA_
_NAME_ is a nice place it is in the _PRICERANGE_ price range
_NAME_ is a nice place , their price -s are _PRICE_ and their phone number is _PHONE_
goodbye
_NAME_ is in _AREA_ and _AREA_
_NAME_ is a nice _TYPE_
there are _COUNT_ _PRICERANGE_ _TYPE_ -s in the _AREA_ price range
what kind of food would you like
there are _COUNT_ _PRICERANGE_ _TYPE_ -s in the _AREA_ price range
what kind of food would you like
_NAME_ is a nice _TYPE_
there are _COUNT_ _PRICERANGE_ _TYPE_ -s in the _AREA_ price range
what kind of food would you like
goodbye
what is your preference as to whether it allows child -s
there are _COUNT_ _TYPE_ -s where child -s are allowed
what price range would you like
_NAME_ is a nice place , it is in the _PRICERANGE_ price range and where child -s are allowed
_NAME_ is a nice place , it is in the area of _AREA_ and it is good for _GOODFORMEAL_
goodbye
_NAME_ is a nice place it serves _FOOD_ food
_NAME_ is near _NEAR_
_NAME_ is near _NEAR_ near _NEAR_
_NAME_ is a nice place their phone number is _PHONE_
_NAME_ is located at _ADDRESS_
goodbye
_NAME_ is a nice place , it is in the area of _AREA_ , it is good for _GOODFORMEAL_ , it is in the area of _AREA_
_NAME_ is a nice place their phone number is _PHONE_
_NAME_ is a nice place it is in the _PRICERANGE_ price range
goodbye
let confirm confirm you are not friendly restaurant friendly _KIDSALLOWED_t allow child -s
_NAME_ is a nice place where child -s are allowed
_NAME_ is in _AREA_ and _AREA_ allows child -s
there are no restaurant -s in _AREA_ that in _AREA_
goodbye
there are no restaurant -s in _AREA_
goodbye
_NAME_ is a nice place it is in the _PRICERANGE_ price range
_NAME_ is a nice place , it is in the _PRICERANGE_ price range and it serves _FOOD_ food
_NAME_ is located in _AREA_ and _AREA_
goodbye
there are no _PRICERANGE_ restaurant in _AREA_ in _AREA_ area
goodbye
_NAME_ is a nice place it serves _FOOD_ food
_NAME_ is a nice place it serves _FOOD_ food
_NAME_ is a nice place , it serves _FOOD_ food and it is good for _GOODFORMEAL_
_NAME_ is a nice place , it is in the area of _AREA_ , it is good for _GOODFORMEAL_ and it is in the area of _AREA_
_NAME_ is a nice place their phone number is _PHONE_
_NAME_ is a nice place it is in the _PRICERANGE_ price range
goodbye
_NAME_ is a nice place it is good for _GOODFORMEAL_
_NAME_ is near _NEAR_
_NAME_ is a nice _TYPE_
_NAME_ is a nice _TYPE_
_NAME_ is a nice _TYPE_
there are _COUNT_ _TYPE_ -s where child -s are allowed and in the _PRICERANGE_ price range
where would you like it to be near to
goodbye
there are _COUNT_ _TYPE_ -s where child -s are allowed
what meal would you like
_NAME_ is a nice place , it serves _FOOD_ food and where child -s are allowed
there are _COUNT_ _TYPE_ -s where child -s are allowed and where the child -s are allowed
what meal would you like
_NAME_ is a nice place , it is good for _GOODFORMEAL_ , where child -s are allowed and it serves _FOOD_ food
_NAME_ is located at _ADDRESS_
_NAME_ is near _NEAR_
goodbye
_NAME_ is a nice place it serves _FOOD_ food
_NAME_ is a nice place , it is in the _PRICERANGE_ price range and it serves _FOOD_ food
_NAME_ is a nice place , it is in the _PRICERANGE_ price range and it serves _FOOD_ food
_NAME_ is in _AREA_ , _AREA_ . phone number is _PHONE_
goodbye
_NAME_ is a nice place , it serves _FOOD_ food and it is good for _GOODFORMEAL_
_NAME_ is a nice place , it is in the _PRICERANGE_ price range and it is in the area of _AREA_
_NAME_ is a nice _TYPE_
_NAME_ is located in _AREA_ , the address is _ADDRESS_ . the phone number is _PHONE_
goodbye
there are 0 restaurant -s that that -s are allowed allow where child -s
_NAME_ is a nice place it serves _FOOD_ food
_NAME_ is a nice _TYPE_
_NAME_ is located at _ADDRESS_ , the phone number is _PHONE_
goodbye
_NAME_ is a nice place it serves _FOOD_ food
_NAME_ is a nice place , it is in the _PRICERANGE_ price range and it serves _FOOD_ food
_NAME_ is a nice place , it is in the _PRICERANGE_ price range and it serves _FOOD_ food
_NAME_ is a nice place their price -s are _PRICE_
goodbye
_NAME_ is a nice place it is good for _GOODFORMEAL_
_NAME_ is a nice place where child -s are allowed
_NAME_ is a nice place , where child -s are allowed and it is good for _GOODFORMEAL_
_NAME_ is located at _ADDRESS_
_NAME_ is a nice place their phone number is _PHONE_
_NAME_ is in _AREA_
goodbye
what price range would you like
what price range would you like
_NAME_ is a nice place it serves _FOOD_ food
there are 0 restaurant -s that that are good for _GOODFORMEAL_ and serves _FOOD_ food
_NAME_ is a nice place it serves _FOOD_ food
_NAME_ is a nice place it is good for _GOODFORMEAL_
_NAME_ is a nice place their phone number is _PHONE_
_NAME_ is a nice place their price -s are _PRICE_
goodbye
_NAME_ is a nice place it is in the _PRICERANGE_ price range
_NAME_ is a nice place , it is good for _GOODFORMEAL_ , it is in the _PRICERANGE_ price range and it is near _NEAR_
_NAME_ is a nice _TYPE_
_NAME_ is in _AREA_ , _AREA_ . phone number is _PHONE_
goodbye
what area would you like
you are looking for the the _AREA_
you are looking for the the _AREA_
what price range would you like
_NAME_ is a nice place it is in the _PRICERANGE_ price range
_NAME_ is a nice place , their address is _ADDRESS_ , their phone number is _PHONE_ , it serves _FOOD_ food
goodbye
there are 0 restaurant -s near _NEAR_
_NAME_ is a nice place , it is near _NEAR_ and it is near _NEAR_
_NAME_ is located at _ADDRESS_
_NAME_ is a nice place where child -s are allowed
goodbye
what meal would you like
_NAME_ is a nice place , it is good for _GOODFORMEAL_ and where child -s are allowed
goodbye
_NAME_ is a nice place , it is in the _PRICERANGE_ price range and it serves _FOOD_ food
there are _COUNT_ _PRICERANGE_ _TYPE_ -s in the _PRICERANGE_ price range
what area would you like
_NAME_ is a nice place , it is in the _PRICERANGE_ price range , it is in the _PRICERANGE_ price range and it is near _NEAR_
_NAME_ is located at _ADDRESS_
_NAME_ postcode is _POSTCODE_
goodbye
there are 0 _FOOD_ restaurant -s that allow child -s
_NAME_ is a nice place it is in the _PRICERANGE_ price range
_NAME_ is located at _ADDRESS_ at _ADDRESS_ at _ADDRESS_
goodbye
goodbye
what kind of food would you like
what kind of food would you like
what kind of food would you like
what kind of food would you like
goodbye
_NAME_ is a nice place , it is in the _PRICERANGE_ price range , it is near _NEAR_ and where child -s are allowed
_NAME_ is a nice _TYPE_
_NAME_ is a nice place their phone number is _PHONE_
_NAME_ is a nice place it serves _FOOD_ food
goodbye
what price range would you like
there are _COUNT_ _TYPE_ -s in the _PRICERANGE_ price range
what kind of food would you like
let me confirm , you are looking for a restaurant in the _PRICERANGE_ price range
where would you like it to be near to
what price range would you like
what price range would you like
there are _COUNT_ _TYPE_ -s in the _PRICERANGE_ price range
where would you like it to be near to
there are _COUNT_ _TYPE_ -s in the _PRICERANGE_ price range
what kind of food would you like
there are _COUNT_ _TYPE_ -s in the _PRICERANGE_ price range
what area would you like
what price range would you like
there are _COUNT_ _TYPE_ -s in the _PRICERANGE_ price range
where would you like it to be near to
goodbye
there are _COUNT_ _TYPE_ -s good for _GOODFORMEAL_ and in the _PRICERANGE_ price range
what kind of food would you like
_NAME_ is a nice place , it is good for _GOODFORMEAL_ , it is in the _PRICERANGE_ price range and it is good for _GOODFORMEAL_
_NAME_ is located at _ADDRESS_
can i help you with anything else
_NAME_ is near _NEAR_
goodbye
there are _COUNT_ _TYPE_ -s good for _GOODFORMEAL_
what area would you like
_NAME_ is a nice place , it is near _NEAR_ and it is near _NEAR_
_NAME_ is located at _ADDRESS_ , the phone number is _PHONE_
_NAME_ is a nice place their phone number is _PHONE_
goodbye
_NAME_ is a nice place , it serves _FOOD_ food and it is good for _GOODFORMEAL_
_NAME_ is located at _ADDRESS_ at _ADDRESS_ at _ADDRESS_
goodbye
